
[20210521163427] ########## CPU Information ##########
[20210521163427] CPU Usage : 20% 
[20210521163427] Process Count : 237 
[20210521163427] Thread Count : 3040 
[20210521163427] Handle Count : 115692 
[20210521163427] Running Time : 00:07:23:27
ResourceMonitorApp               17752               25               46
WmiPrvSE#6               20656               7               34
svchost#40               3548               21               17
dwm               1472               13               5
iexplore#1               13548               50               5
ASDSvc               4680               85               0
ApplicationFrameHost               13616               3               0
Calculator               13652               21               0
CcmExec               1784               15               0
CmRcService               4696               8               0
CompPkgSrv               15276               1               0
DMAutoAgent               11468               5               0
FSP3Cli               4612               11               0
GoogleCrashHandler               5432               3               0
GoogleCrashHandler64               13028               3               0
HiTalk               13072               12               0
HookSysEventAgent               11372               1               0
HookSysEventAgent64               4372               1               0
IGCC               12932               8               0
IGCCTray               12448               12               0
ImonService               4672               35               0
IntelAudioService               4844               8               0
IntelCpHDCPSvc               4852               3               0
IntelCpHeciSvc               5472               3               0
MSBuild               17036               40               0
Memory Compression               3088               30               0
Microsoft.Alm.Shared.Remoting.RemoteContainer.dll               19780               10               0
OneApp.IGCC.WinService               4744               8               0
POWERPNT               13856               22               0
PaSvc               4620               36               0
PerfWatson2               5032               29               0
PresentationFontCache               4452               4               0
RCloudAgent               12060               3               0
RCloudMnt               4812               2               0
RFSAgent               13224               8               0
RFSHiggs               10312               3               0
RFSHiggs64               10852               3               0
RFSSvc               4796               5               0
Receiver               13144               40               0
Registry               120               4               0
RtkAudUService64               4820               9               0
RtkAudUService64#1               10092               8               0
RuntimeBroker               10464               2               0
RuntimeBroker#1               11140               108               0
RuntimeBroker#2               12272               1               0
SCNotification               8092               7               0
SamsungSettingsExpLauncher               4772               4               0
SamsungSettingsExpansionPack               8120               3               0
SamsungSettingsExpansionUI               10528               4               0
ScriptedSandbox64               20444               14               0
SearchFilterHost               17444               4               0
SearchIndexer               10776               27               0
SearchProtocolHost               16104               6               0
SearchProtocolHost#1               18152               4               0
SearchUI               10808               51               0
SecurityHealthService               9392               10               0
SelfService               21012               16               0
SelfServicePlugin               13056               10               0
ServiceHub.DataWarehouseHost               21320               9               0
ServiceHub.Host.CLR.x86               19724               15               0
ServiceHub.Host.Node.x86               11752               11               0
ServiceHub.IdentityHost               16524               7               0
ServiceHub.RoslynCodeAnalysisService32               2612               49               0
ServiceHub.SettingsHost               21480               8               0
ServiceHub.VSDetouredHost               14152               14               0
SgrmBroker               2924               3               0
ShellExperienceHost               14072               13               0
ShieldStart               4636               24               0
StartMenuExperienceHost               9816               7               0
System               4               206               0
SystemSettings               3588               23               0
TCubeObserver64               9896               38               0
TCubeServiceMgr64               2156               9               0
V3UI               3804               5               0
VBCSCompiler               16352               28               0
WUDFHost               1012               13               0
WUDFHost#1               1112               5               0
WUDFHost#2               1160               6               0
WmiPrvSE               5652               13               0
WmiPrvSE#1               6424               8               0
WmiPrvSE#2               3008               5               0
WmiPrvSE#3               1992               5               0
WmiPrvSE#4               3220               4               0
WmiPrvSE#5               20672               10               0
XDesProc               14276               23               0
armsvc               4600               2               0
chrome               13368               32               0
chrome#1               3028               10               0
chrome#2               10356               18               0
chrome#3               2588               14               0
chrome#4               2932               8               0
chrome#5               96               15               0
chrome#6               18064               15               0
chrome#7               10196               16               0
chrome#8               7460               10               0
chrome#9               18196               16               0
chrome#10               15260               24               0
chrome#11               20860               15               0
chrome#12               12980               15               0
chrome#13               19616               16               0
chrome#14               1496               15               0
chrome#15               2888               15               0
chrome#16               7556               17               0
chrome#17               11952               14               0
chrome#18               11948               14               0
chrome#19               19740               14               0
chrome#20               20464               14               0
concentr               12996               9               0
conhost               4312               2               0
conhost#1               5544               2               0
conhost#2               10228               2               0
conhost#3               7552               2               0
csrss               636               13               0
csrss#1               740               16               0
ctfmon               4472               11               0
devenv               2492               102               0
dllhost               6668               5               0
dllhost#1               19592               8               0
esif_uf               3524               3               0
explorer               8916               92               0
f_LPS               4628               9               0
f_logsvc               4804               11               0
f_ssoex_posco_group_fse               13984               3               0
f_ssoex_posco_ict_fsd               5540               3               0
f_ssoex_posco_ict_fsn               9512               7               0
fclient               8256               10               0
fclient#1               1920               3               0
fontdrvhost               904               5               0
fontdrvhost#1               1380               5               0
fph               3608               15               0
fph#1               1504               12               0
iMonCMD               4484               96               0
iexplore               13664               17               0
igfxCUIService               2784               2               0
igfxEM               4668               7               0
innosvc7               4652               3               0
jhi_service               4728               2               0
jp2launcher               10968               32               0
lsass               820               9               0
notepad               17168               6               0
rayful.ecm.cleanup               12404               7               0
rayful.ecm.router               13256               21               0
redirector               8816               3               0
rundll32               9208               17               0
rundll32#1               5388               15               0
rundll32#2               8264               4               0
rundll32#3               1508               12               0
services               800               15               0
sihost               8180               9               0
smartscreen               16860               11               0
smss               496               2               0
spoolsv               4392               10               0
sqlwriter               4780               2               0
svchost               968               1               0
svchost#1               988               13               0
svchost#2               536               13               0
svchost#3               880               5               0
svchost#4               1564               34               0
svchost#5               1572               4               0
svchost#6               1584               9               0
svchost#7               1612               2               0
svchost#8               1620               2               0
svchost#9               1644               3               0
svchost#10               1748               4               0
svchost#11               1756               3               0
svchost#12               1856               8               0
svchost#13               2036               5               0
svchost#14               1344               2               0
svchost#15               1360               2               0
svchost#16               1376               7               0
svchost#17               1444               12               0
svchost#18               2056               2               0
svchost#19               2160               7               0
svchost#20               2164               5               0
svchost#21               2344               6               0
svchost#22               2352               9               0
svchost#23               2396               2               0
svchost#24               2444               2               0
svchost#25               2468               1               0
svchost#26               2568               14               0
svchost#27               2812               1               0
svchost#28               2852               4               0
svchost#29               2940               3               0
svchost#30               2960               3               0
svchost#31               2996               9               0
svchost#32               2828               4               0
svchost#33               2952               2               0
svchost#34               3020               6               0
svchost#35               3260               6               0
svchost#36               3340               5               0
svchost#37               3480               4               0
svchost#38               3500               8               0
svchost#39               3508               3               0
svchost#41               3628               16               0
svchost#42               3872               12               0
svchost#43               4064               4               0
svchost#44               4072               10               0
svchost#45               4084               5               0
svchost#46               4128               15               0
svchost#47               4216               2               0
svchost#48               4720               6               0
svchost#49               4736               17               0
svchost#50               4788               3               0
svchost#51               4828               7               0
svchost#52               4860               11               0
svchost#53               4892               1               0
svchost#54               5124               11               0
svchost#55               5828               14               0
svchost#56               5880               4               0
svchost#57               5236               4               0
svchost#58               1720               12               0
svchost#59               2948               2               0
svchost#60               7352               10               0
svchost#61               7484               3               0
svchost#62               5360               3               0
svchost#63               8400               9               0
svchost#64               8540               8               0
svchost#65               9260               7               0
svchost#66               9848               1               0
svchost#67               10336               2               0
svchost#68               10856               1               0
svchost#69               13936               8               0
svchost#70               3576               4               0
svchost#71               14104               7               0
svchost#72               17372               4               0
svchost#73               18896               5               0
svchost#74               21052               10               0
svchost#75               12968               3               0
svchost#76               10540               21               0
taskhostw               7116               8               0
uhssvc               4756               1               0
unsecapp               7656               3               0
wfcrun32               8136               19               0
wininit               728               1               0
winlogon               1288               8               0
wlanext               4264               1               0
